<?xml version="1.0" encoding="UTF-8"?>
<testng-results ignored="0" total="1" passed="1" failed="0" skipped="0">
  <reporter-output>
  </reporter-output>
  <suite started-at="2024-12-27T17:05:57 IST" name="Smoke Testing" finished-at="2024-12-27T17:09:30 IST" duration-ms="213009">
    <groups>
    </groups>
    <test started-at="2024-12-27T17:05:57 IST" name="Automation Smoke Testing" finished-at="2024-12-27T17:09:30 IST" duration-ms="213009">
      <class name="All_Task.TC_032_VerifyThatTheUserCanClickOnTaskInTheSideNavBar">
        <test-method is-config="true" signature="LoadExtent()[pri:0, instance:All_Task.TC_032_VerifyThatTheUserCanClickOnTaskInTheSideNavBar@30c15d8b]" started-at="2024-12-27T17:05:57 IST" name="LoadExtent" finished-at="2024-12-27T17:05:58 IST" duration-ms="431" status="PASS">
          <reporter-output>
          </reporter-output>
        </test-method> <!-- LoadExtent -->
        <test-method is-config="true" signature="MainSetUp(java.lang.String)[pri:0, instance:All_Task.TC_032_VerifyThatTheUserCanClickOnTaskInTheSideNavBar@30c15d8b]" started-at="2024-12-27T17:05:58 IST" name="MainSetUp" finished-at="2024-12-27T17:06:05 IST" duration-ms="7462" status="PASS">
          <params>
            <param index="0">
              <value>
                <![CDATA[chrome]]>
              </value>
            </param>
          </params>
          <reporter-output>
          </reporter-output>
        </test-method> <!-- MainSetUp -->
        <test-method signature="TC_032_VerifyThatTheUserCanClickOnTaskInTheSideNavBar()[pri:0, instance:All_Task.TC_032_VerifyThatTheUserCanClickOnTaskInTheSideNavBar@30c15d8b]" started-at="2024-12-27T17:06:05 IST" name="TC_032_VerifyThatTheUserCanClickOnTaskInTheSideNavBar" finished-at="2024-12-27T17:09:29 IST" duration-ms="203601" status="PASS">
          <reporter-output>
          </reporter-output>
        </test-method> <!-- TC_032_VerifyThatTheUserCanClickOnTaskInTheSideNavBar -->
        <test-method is-config="true" signature="tearDown(org.testng.ITestResult)[pri:0, instance:All_Task.TC_032_VerifyThatTheUserCanClickOnTaskInTheSideNavBar@30c15d8b]" started-at="2024-12-27T17:09:29 IST" name="tearDown" finished-at="2024-12-27T17:09:30 IST" duration-ms="943" status="PASS">
          <params>
            <param index="0">
              <value>
                <![CDATA[[TestResult name=TC_032_VerifyThatTheUserCanClickOnTaskInTheSideNavBar status=SUCCESS method=TC_032_VerifyThatTheUserCanClickOnTaskInTheSideNavBar.TC_032_VerifyThatTheUserCanClickOnTaskInTheSideNavBar()[pri:0, instance:All_Task.TC_032_VerifyThatTheUserCanClickOnTaskInTheSideNavBar@30c15d8b] output={null}]]]>
              </value>
            </param>
          </params>
          <reporter-output>
          </reporter-output>
        </test-method> <!-- tearDown -->
        <test-method is-config="true" signature="masterTearDown()[pri:0, instance:All_Task.TC_032_VerifyThatTheUserCanClickOnTaskInTheSideNavBar@30c15d8b]" started-at="2024-12-27T17:09:30 IST" name="masterTearDown" finished-at="2024-12-27T17:09:30 IST" duration-ms="519" status="PASS">
          <reporter-output>
          </reporter-output>
        </test-method> <!-- masterTearDown -->
      </class> <!-- All_Task.TC_032_VerifyThatTheUserCanClickOnTaskInTheSideNavBar -->
    </test> <!-- Automation Smoke Testing -->
  </suite> <!-- Smoke Testing -->
</testng-results>
